[INITIALIZATION][CLIENT][INFO] CraftTweaker: Building registry
[INITIALIZATION][CLIENT][INFO] CraftTweaker: Successfully built item registry
[INITIALIZATION][CLIENT][INFO] Loading scripts
[INITIALIZATION][CLIENT][INFO] [crafttweaker | SIDE_CLIENT]: Loading Script: {[0:crafttweaker]: aluminaFix.zs}
[INITIALIZATION][CLIENT][ERROR] aluminaFix.zs:3: Could not resolve <substratum : ore : 7>
[INITIALIZATION][CLIENT][ERROR] [crafttweaker]: Error executing {[0:crafttweaker]: aluminaFix.zs}: Bad type on operand stack
Exception Details:
  Location:
    AluminaFix.__script__()V @15: invokeinterface
  Reason:
    Type 'java/lang/Class' (current frame, stack[1]) is not assignable to '[Lcrafttweaker/api/item/IItemStack;'
  Current Frame:
    bci: @15
    flags: { }
    locals: { top, null }
    stack: { 'crafttweaker/api/oredict/IOreDictEntry', 'java/lang/Class' }
  Bytecode:
    0x0000000: 014c 120b b800 112b 1213 b900 1902 00b9
    0x0000010: 001f 0200 1221 b800 112b 1213 b900 1902
    0x0000020: 00b9 001f 0200 1223 b800 112b 1213 b900
    0x0000030: 1902 00b9 0026 0200 b200 2c12 2e12 3012
    0x0000040: 32b9 0038 0400 b200 2c12 3a12 3012 3cb9
    0x0000050: 0038 0400 b1                           

java.lang.VerifyError: Bad type on operand stack
Exception Details:
  Location:
    AluminaFix.__script__()V @15: invokeinterface
  Reason:
    Type 'java/lang/Class' (current frame, stack[1]) is not assignable to '[Lcrafttweaker/api/item/IItemStack;'
  Current Frame:
    bci: @15
    flags: { }
    locals: { top, null }
    stack: { 'crafttweaker/api/oredict/IOreDictEntry', 'java/lang/Class' }
  Bytecode:
    0x0000000: 014c 120b b800 112b 1213 b900 1902 00b9
    0x0000010: 001f 0200 1221 b800 112b 1213 b900 1902
    0x0000020: 00b9 001f 0200 1223 b800 112b 1213 b900
    0x0000030: 1902 00b9 0026 0200 b200 2c12 2e12 3012
    0x0000040: 32b9 0038 0400 b200 2c12 3a12 3012 3cb9
    0x0000050: 0038 0400 b1                           

	at __ZenMain__.run(AluminaFix)
	at crafttweaker.runtime.CrTTweaker.loadScript(CrTTweaker.java:158)
	at crafttweaker.runtime.CrTTweaker.load(CrTTweaker.java:61)
	at crafttweaker.CrafttweakerImplementationAPI.load(CrafttweakerImplementationAPI.java:115)
	at crafttweaker.mc1120.events.CommonEventHandler.registerRecipes(CommonEventHandler.java:49)
	at net.minecraftforge.fml.common.eventhandler.ASMEventHandler_480_CommonEventHandler_registerRecipes_Register.invoke(.dynamic)
	at net.minecraftforge.fml.common.eventhandler.ASMEventHandler.invoke(ASMEventHandler.java:90)
	at net.minecraftforge.fml.common.eventhandler.EventBus$1.invoke(EventBus.java:143)
	at net.minecraftforge.fml.common.eventhandler.EventBus.post(EventBus.java:179)
	at net.minecraftforge.registries.GameData.fireRegistryEvents(GameData.java:746)
	at net.minecraftforge.common.crafting.CraftingHelper.loadRecipes(CraftingHelper.java:622)
	at net.minecraftforge.fml.common.Loader.initializeMods(Loader.java:718)
	at net.minecraftforge.fml.client.FMLClientHandler.finishMinecraftLoading(FMLClientHandler.java:352)
	at net.minecraft.client.Minecraft.func_71384_a(Minecraft.java:534)
	at net.minecraft.client.Minecraft.func_99999_d(Minecraft.java:377)
	at net.minecraft.client.main.Main.main(SourceFile:123)
	at sun.reflect.NativeMethodAccessorImpl.invoke0(Native Method)
	at sun.reflect.NativeMethodAccessorImpl.invoke(Unknown Source)
	at sun.reflect.DelegatingMethodAccessorImpl.invoke(Unknown Source)
	at java.lang.reflect.Method.invoke(Unknown Source)
	at net.minecraft.launchwrapper.Launch.launch(Launch.java:135)
	at net.minecraft.launchwrapper.Launch.main(Launch.java:28)
[INITIALIZATION][CLIENT][INFO] [crafttweaker | SIDE_CLIENT]: Loading Script: {[0:crafttweaker]: forestry-additions.zs}
[INITIALIZATION][CLIENT][INFO] [crafttweaker | SIDE_CLIENT]: Loading Script: {[0:crafttweaker]: general-compat-fixes.zs}
[INITIALIZATION][CLIENT][ERROR] general-compat-fixes.zs:3: Could not resolve <chisel : limestoneextra : 7>
[INITIALIZATION][CLIENT][ERROR] general-compat-fixes.zs:4: Could not resolve <biomesoplenty : stone : 8>
[INITIALIZATION][CLIENT][ERROR] general-compat-fixes.zs:6: Could not resolve <biomesoplenty : stone : 8>
[INITIALIZATION][CLIENT][ERROR] [crafttweaker]: Error executing {[0:crafttweaker]: general-compat-fixes.zs}: null
java.lang.NullPointerException
	at crafttweaker.mc1120.oredict.MCOreDictEntry.add(MCOreDictEntry.java:63)
	at General-compat-fixes.__script__(general-compat-fixes.zs:3)
	at __ZenMain__.run(General-compat-fixes)
	at crafttweaker.runtime.CrTTweaker.loadScript(CrTTweaker.java:158)
	at crafttweaker.runtime.CrTTweaker.load(CrTTweaker.java:61)
	at crafttweaker.CrafttweakerImplementationAPI.load(CrafttweakerImplementationAPI.java:115)
	at crafttweaker.mc1120.events.CommonEventHandler.registerRecipes(CommonEventHandler.java:49)
	at net.minecraftforge.fml.common.eventhandler.ASMEventHandler_480_CommonEventHandler_registerRecipes_Register.invoke(.dynamic)
	at net.minecraftforge.fml.common.eventhandler.ASMEventHandler.invoke(ASMEventHandler.java:90)
	at net.minecraftforge.fml.common.eventhandler.EventBus$1.invoke(EventBus.java:143)
	at net.minecraftforge.fml.common.eventhandler.EventBus.post(EventBus.java:179)
	at net.minecraftforge.registries.GameData.fireRegistryEvents(GameData.java:746)
	at net.minecraftforge.common.crafting.CraftingHelper.loadRecipes(CraftingHelper.java:622)
	at net.minecraftforge.fml.common.Loader.initializeMods(Loader.java:718)
	at net.minecraftforge.fml.client.FMLClientHandler.finishMinecraftLoading(FMLClientHandler.java:352)
	at net.minecraft.client.Minecraft.func_71384_a(Minecraft.java:534)
	at net.minecraft.client.Minecraft.func_99999_d(Minecraft.java:377)
	at net.minecraft.client.main.Main.main(SourceFile:123)
	at sun.reflect.NativeMethodAccessorImpl.invoke0(Native Method)
	at sun.reflect.NativeMethodAccessorImpl.invoke(Unknown Source)
	at sun.reflect.DelegatingMethodAccessorImpl.invoke(Unknown Source)
	at java.lang.reflect.Method.invoke(Unknown Source)
	at net.minecraft.launchwrapper.Launch.launch(Launch.java:135)
	at net.minecraft.launchwrapper.Launch.main(Launch.java:28)
[INITIALIZATION][CLIENT][INFO] [crafttweaker | SIDE_CLIENT]: Loading Script: {[0:crafttweaker]: GeneralRecipies.zs}
[INITIALIZATION][CLIENT][ERROR] GeneralRecipies.zs:14: Could not resolve <mysticalagriculture : tier1_crafting_seed>
[INITIALIZATION][CLIENT][ERROR] GeneralRecipies.zs:15: Could not resolve <mysticalagriculture : tier2_crafting_seed>
[INITIALIZATION][CLIENT][ERROR] GeneralRecipies.zs:16: Could not resolve <mysticalagriculture : tier3_crafting_seed>
[INITIALIZATION][CLIENT][ERROR] GeneralRecipies.zs:17: Could not resolve <mysticalagriculture : tier4_crafting_seed>
[INITIALIZATION][CLIENT][ERROR] GeneralRecipies.zs:18: Could not resolve <mysticalagriculture : tier5_crafting_seed>
[INITIALIZATION][CLIENT][ERROR] GeneralRecipies.zs:52: Could not resolve <mysticalagriculture : tier1_crafting_seed>
[INITIALIZATION][CLIENT][ERROR] GeneralRecipies.zs:53: Could not resolve <extrautils2 : compressedcobblestone : 1>
[INITIALIZATION][CLIENT][ERROR] GeneralRecipies.zs:53: Could not resolve <mysticalagriculture : inferium_essence>
[INITIALIZATION][CLIENT][ERROR] GeneralRecipies.zs:53: Could not resolve <extrautils2 : compressedcobblestone : 1>
[INITIALIZATION][CLIENT][ERROR] GeneralRecipies.zs:54: Could not resolve <mysticalagriculture : inferium_essence>
[INITIALIZATION][CLIENT][ERROR] GeneralRecipies.zs:54: Could not resolve <mysticalagriculture : base_crafting_seed>
[INITIALIZATION][CLIENT][ERROR] GeneralRecipies.zs:54: Could not resolve <mysticalagriculture : inferium_essence>
[INITIALIZATION][CLIENT][ERROR] GeneralRecipies.zs:55: Could not resolve <mysticalagriculture : inferium_block>
[INITIALIZATION][CLIENT][ERROR] GeneralRecipies.zs:55: Could not resolve <mysticalagriculture : inferium_essence>
[INITIALIZATION][CLIENT][ERROR] GeneralRecipies.zs:55: Could not resolve <mysticalagriculture : inferium_block>
[INITIALIZATION][CLIENT][ERROR] GeneralRecipies.zs:57: Could not resolve <mysticalagriculture : tier2_crafting_seed>
[INITIALIZATION][CLIENT][ERROR] GeneralRecipies.zs:58: Could not resolve <extrautils2 : compressedcobblestone : 2>
[INITIALIZATION][CLIENT][ERROR] GeneralRecipies.zs:58: Could not resolve <mysticalagriculture : prudentium_essence>
[INITIALIZATION][CLIENT][ERROR] GeneralRecipies.zs:58: Could not resolve <extrautils2 : compressedcobblestone : 2>
[INITIALIZATION][CLIENT][ERROR] GeneralRecipies.zs:59: Could not resolve <mysticalagriculture : prudentium_essence>
[INITIALIZATION][CLIENT][ERROR] GeneralRecipies.zs:59: Could not resolve <mysticalagriculture : tier1_crafting_seed>
[INITIALIZATION][CLIENT][ERROR] GeneralRecipies.zs:59: Could not resolve <mysticalagriculture : prudentium_essence>
[INITIALIZATION][CLIENT][ERROR] GeneralRecipies.zs:60: Could not resolve <mysticalagriculture : prudentium_essence>
[INITIALIZATION][CLIENT][ERROR] GeneralRecipies.zs:62: Could not resolve <mysticalagriculture : tier3_crafting_seed>
[INITIALIZATION][CLIENT][ERROR] GeneralRecipies.zs:63: Could not resolve <extrautils2 : compressedcobblestone : 2>
[INITIALIZATION][CLIENT][ERROR] GeneralRecipies.zs:63: Could not resolve <mysticalagriculture : intermedium_essence>
[INITIALIZATION][CLIENT][ERROR] GeneralRecipies.zs:63: Could not resolve <extrautils2 : compressedcobblestone : 2>
[INITIALIZATION][CLIENT][ERROR] GeneralRecipies.zs:64: Could not resolve <mysticalagriculture : intermedium_essence>
[INITIALIZATION][CLIENT][ERROR] GeneralRecipies.zs:64: Could not resolve <mysticalagriculture : tier2_crafting_seed>
[INITIALIZATION][CLIENT][ERROR] GeneralRecipies.zs:64: Could not resolve <mysticalagriculture : intermedium_essence>
[INITIALIZATION][CLIENT][ERROR] GeneralRecipies.zs:65: Could not resolve <mysticalagriculture : intermedium_essence>
[INITIALIZATION][CLIENT][ERROR] GeneralRecipies.zs:67: Could not resolve <mysticalagriculture : tier4_crafting_seed>
[INITIALIZATION][CLIENT][ERROR] GeneralRecipies.zs:68: Could not resolve <extrautils2 : compressedcobblestone : 3>
[INITIALIZATION][CLIENT][ERROR] GeneralRecipies.zs:68: Could not resolve <mysticalagriculture : superium_essence>
[INITIALIZATION][CLIENT][ERROR] GeneralRecipies.zs:68: Could not resolve <extrautils2 : compressedcobblestone : 3>
[INITIALIZATION][CLIENT][ERROR] GeneralRecipies.zs:69: Could not resolve <mysticalagriculture : superium_essence>
[INITIALIZATION][CLIENT][ERROR] GeneralRecipies.zs:69: Could not resolve <mysticalagriculture : tier3_crafting_seed>
[INITIALIZATION][CLIENT][ERROR] GeneralRecipies.zs:69: Could not resolve <mysticalagriculture : superium_essence>
[INITIALIZATION][CLIENT][ERROR] GeneralRecipies.zs:70: Could not resolve <mysticalagriculture : superium_essence>
[INITIALIZATION][CLIENT][ERROR] GeneralRecipies.zs:72: Could not resolve <mysticalagriculture : tier5_crafting_seed>
[INITIALIZATION][CLIENT][ERROR] GeneralRecipies.zs:73: Could not resolve <mysticalagriculture : supremium_essence>
[INITIALIZATION][CLIENT][ERROR] GeneralRecipies.zs:73: Could not resolve <mysticalagriculture : wither_skeleton_chunk>
[INITIALIZATION][CLIENT][ERROR] GeneralRecipies.zs:74: Could not resolve <mysticalagriculture : supremium_essence>
[INITIALIZATION][CLIENT][ERROR] GeneralRecipies.zs:74: Could not resolve <mysticalagriculture : tier4_crafting_seed>
[INITIALIZATION][CLIENT][ERROR] GeneralRecipies.zs:74: Could not resolve <mysticalagriculture : supremium_essence>
[INITIALIZATION][CLIENT][ERROR] GeneralRecipies.zs:75: Could not resolve <mysticalagriculture : supremium_essence>
[INITIALIZATION][CLIENT][ERROR] GeneralRecipies.zs:78: Could not resolve <mysticalagriculture : prosperity_shard>
[INITIALIZATION][CLIENT][ERROR] GeneralRecipies.zs:78: Could not resolve <mysticalagriculture : supremium_essence>
[INITIALIZATION][CLIENT][ERROR] GeneralRecipies.zs:78: Could not resolve <mysticalagriculture : prosperity_shard>
[INITIALIZATION][CLIENT][ERROR] GeneralRecipies.zs:79: Could not resolve <mysticalagriculture : supremium_essence>
[INITIALIZATION][CLIENT][ERROR] GeneralRecipies.zs:79: Could not resolve <mysticalagriculture : supremium_essence>
[INITIALIZATION][CLIENT][ERROR] GeneralRecipies.zs:80: Could not resolve <mysticalagriculture : supremium_essence>
[INITIALIZATION][CLIENT][ERROR] GeneralRecipies.zs:80: Could not resolve <extrautils2 : compressedcobblestone : 5>
[INITIALIZATION][CLIENT][ERROR] GeneralRecipies.zs:83: Could not resolve <mysticalagriculture : supremium_essence>
[INITIALIZATION][CLIENT][ERROR] GeneralRecipies.zs:84: Could not resolve <mysticalagriculture : supremium_essence>
[INITIALIZATION][CLIENT][ERROR] GeneralRecipies.zs:84: Could not resolve <mysticalagriculture : tier5_crafting_seed>
[INITIALIZATION][CLIENT][ERROR] GeneralRecipies.zs:84: Could not resolve <mysticalagriculture : supremium_essence>
[INITIALIZATION][CLIENT][ERROR] GeneralRecipies.zs:85: Could not resolve <mysticalagriculture : supremium_essence>
[INITIALIZATION][CLIENT][ERROR] GeneralRecipies.zs:87: Could not resolve <enderio : blockEndermanSkull>
[INITIALIZATION][CLIENT][ERROR] GeneralRecipies.zs:98: Could not resolve <mysticalagriculture : prosperity_shard>
[INITIALIZATION][CLIENT][ERROR] GeneralRecipies.zs:101: Could not resolve <extrautils2 : compressedcobblestone : 4>
[INITIALIZATION][CLIENT][ERROR] GeneralRecipies.zs:105: Could not resolve <extrautils2 : compressedcobblestone : 6>
[INITIALIZATION][CLIENT][ERROR] GeneralRecipies.zs:105: Could not resolve <extrautils2 : compressedcobblestone : 6>
[INITIALIZATION][CLIENT][ERROR] GeneralRecipies.zs:106: Could not resolve <mysticalagriculture : wither_skeleton_chunk>
[INITIALIZATION][CLIENT][ERROR] GeneralRecipies.zs:106: Could not resolve <mysticalagriculture : wither_skeleton_chunk>
[INITIALIZATION][CLIENT][ERROR] GeneralRecipies.zs:106: Could not resolve <mysticalagriculture : wither_skeleton_chunk>
[INITIALIZATION][CLIENT][ERROR] GeneralRecipies.zs:107: Could not resolve <mysticalagriculture : supremium_block>
[INITIALIZATION][CLIENT][ERROR] GeneralRecipies.zs:112: Could not resolve <mysticalagriculture : supremium_block>
[INITIALIZATION][CLIENT][ERROR] GeneralRecipies.zs:182: Could not resolve <mysticalagriculture : supremium_block>
[INITIALIZATION][CLIENT][INFO] [crafttweaker | SIDE_CLIENT]: Loading Script: {[0:crafttweaker]: inventory.zs}
[INITIALIZATION][CLIENT][INFO] Adding 1 Initial Inventory Recipe(s) for <minecraft:wooden_sword>:-1
[INITIALIZATION][CLIENT][INFO] [crafttweaker | SIDE_CLIENT]: Loading Script: {[0:crafttweaker]: MineTweakerRecipeMaker.zs}
[INITIALIZATION][CLIENT][ERROR] MineTweakerRecipeMaker.zs:15: Could not resolve <mysticalagriculture : tier1_crafting_seed>
[INITIALIZATION][CLIENT][ERROR] MineTweakerRecipeMaker.zs:16: Could not resolve <mysticalagriculture : tier1_crafting_seed>
[INITIALIZATION][CLIENT][ERROR] MineTweakerRecipeMaker.zs:17: Could not resolve <mysticalagriculture : tier1_crafting_seed>
[INITIALIZATION][CLIENT][ERROR] MineTweakerRecipeMaker.zs:18: Could not resolve <mysticalagriculture : tier1_crafting_seed>
[INITIALIZATION][CLIENT][ERROR] MineTweakerRecipeMaker.zs:19: Could not resolve <mysticalagriculture : tier1_crafting_seed>
[INITIALIZATION][CLIENT][ERROR] MineTweakerRecipeMaker.zs:20: Could not resolve <mysticalagriculture : tier1_crafting_seed>
[INITIALIZATION][CLIENT][ERROR] MineTweakerRecipeMaker.zs:21: Could not resolve <mysticalagriculture : tier1_crafting_seed>
[INITIALIZATION][CLIENT][ERROR] MineTweakerRecipeMaker.zs:22: Could not resolve <mysticalagriculture : tier1_crafting_seed>
[INITIALIZATION][CLIENT][ERROR] MineTweakerRecipeMaker.zs:23: Could not resolve <mysticalagriculture : tier1_crafting_seed>
[INITIALIZATION][CLIENT][ERROR] MineTweakerRecipeMaker.zs:24: Could not resolve <mysticalagriculture : tier1_crafting_seed>
[INITIALIZATION][CLIENT][ERROR] MineTweakerRecipeMaker.zs:25: Could not resolve <mysticalagriculture : tier1_crafting_seed>
[INITIALIZATION][CLIENT][ERROR] MineTweakerRecipeMaker.zs:26: Could not resolve <mysticalagriculture : tier1_crafting_seed>
[INITIALIZATION][CLIENT][ERROR] MineTweakerRecipeMaker.zs:27: Could not resolve <mysticalagriculture : tier1_crafting_seed>
[INITIALIZATION][CLIENT][ERROR] MineTweakerRecipeMaker.zs:28: Could not resolve <mysticalagriculture : tier1_crafting_seed>
[INITIALIZATION][CLIENT][ERROR] MineTweakerRecipeMaker.zs:29: Could not resolve <mysticalagriculture : tier1_crafting_seed>
[INITIALIZATION][CLIENT][ERROR] MineTweakerRecipeMaker.zs:30: Could not resolve <mysticalagriculture : tier1_crafting_seed>
[INITIALIZATION][CLIENT][ERROR] MineTweakerRecipeMaker.zs:31: Could not resolve <mysticalagriculture : tier1_crafting_seed>
[INITIALIZATION][CLIENT][ERROR] MineTweakerRecipeMaker.zs:35: Could not resolve <mysticalagriculture : tier1_crafting_seed>
[INITIALIZATION][CLIENT][ERROR] MineTweakerRecipeMaker.zs:35: Could not resolve <mysticalagriculture : base_crafting_seed>
[INITIALIZATION][CLIENT][ERROR] MineTweakerRecipeMaker.zs:36: Could not resolve <mysticalagriculture : tier1_crafting_seed>
[INITIALIZATION][CLIENT][ERROR] MineTweakerRecipeMaker.zs:36: Could not resolve <mysticalagriculture : base_crafting_seed>
[INITIALIZATION][CLIENT][ERROR] MineTweakerRecipeMaker.zs:37: Could not resolve <mysticalagriculture : tier1_crafting_seed>
[INITIALIZATION][CLIENT][ERROR] MineTweakerRecipeMaker.zs:37: Could not resolve <mysticalagriculture : base_crafting_seed>
[INITIALIZATION][CLIENT][ERROR] MineTweakerRecipeMaker.zs:38: Could not resolve <mysticalagriculture : tier1_crafting_seed>
[INITIALIZATION][CLIENT][ERROR] MineTweakerRecipeMaker.zs:38: Could not resolve <mysticalagriculture : base_crafting_seed>
[INITIALIZATION][CLIENT][ERROR] MineTweakerRecipeMaker.zs:42: Could not resolve <mysticalagriculture : tier1_crafting_seed>
[INITIALIZATION][CLIENT][ERROR] MineTweakerRecipeMaker.zs:42: Could not resolve <mysticalagriculture : inferium_essence>
[INITIALIZATION][CLIENT][ERROR] MineTweakerRecipeMaker.zs:42: Could not resolve <mysticalagriculture : base_crafting_seed>
[INITIALIZATION][CLIENT][ERROR] MineTweakerRecipeMaker.zs:43: Could not resolve <mysticalagriculture : tier1_crafting_seed>
[INITIALIZATION][CLIENT][ERROR] MineTweakerRecipeMaker.zs:43: Could not resolve <mysticalagriculture : inferium_essence>
[INITIALIZATION][CLIENT][ERROR] MineTweakerRecipeMaker.zs:43: Could not resolve <mysticalagriculture : base_crafting_seed>
[INITIALIZATION][CLIENT][ERROR] MineTweakerRecipeMaker.zs:44: Could not resolve <mysticalagriculture : tier1_crafting_seed>
[INITIALIZATION][CLIENT][ERROR] MineTweakerRecipeMaker.zs:44: Could not resolve <mysticalagriculture : base_crafting_seed>
[INITIALIZATION][CLIENT][ERROR] MineTweakerRecipeMaker.zs:45: Could not resolve <mysticalagriculture : tier1_crafting_seed>
[INITIALIZATION][CLIENT][ERROR] MineTweakerRecipeMaker.zs:45: Could not resolve <mysticalagriculture : base_crafting_seed>
[INITIALIZATION][CLIENT][ERROR] MineTweakerRecipeMaker.zs:46: Could not resolve <mysticalagriculture : tier1_crafting_seed>
[INITIALIZATION][CLIENT][ERROR] MineTweakerRecipeMaker.zs:46: Could not resolve <mysticalagriculture : base_crafting_seed>
[INITIALIZATION][CLIENT][ERROR] MineTweakerRecipeMaker.zs:47: Could not resolve <mysticalagriculture : tier1_crafting_seed>
[INITIALIZATION][CLIENT][ERROR] MineTweakerRecipeMaker.zs:47: Could not resolve <mysticalagriculture : base_crafting_seed>
[INITIALIZATION][CLIENT][ERROR] MineTweakerRecipeMaker.zs:48: Could not resolve <mysticalagriculture : tier1_crafting_seed>
[INITIALIZATION][CLIENT][ERROR] MineTweakerRecipeMaker.zs:48: Could not resolve <mysticalagriculture : base_crafting_seed>
[INITIALIZATION][CLIENT][ERROR] MineTweakerRecipeMaker.zs:49: Could not resolve <mysticalagriculture : tier1_crafting_seed>
[INITIALIZATION][CLIENT][ERROR] MineTweakerRecipeMaker.zs:49: Could not resolve <mysticalagriculture : base_crafting_seed>
[INITIALIZATION][CLIENT][ERROR] MineTweakerRecipeMaker.zs:50: Could not resolve <mysticalagriculture : tier1_crafting_seed>
[INITIALIZATION][CLIENT][ERROR] MineTweakerRecipeMaker.zs:50: Could not resolve <mysticalagriculture : base_crafting_seed>
[INITIALIZATION][CLIENT][ERROR] MineTweakerRecipeMaker.zs:51: Could not resolve <mysticalagriculture : tier1_crafting_seed>
[INITIALIZATION][CLIENT][ERROR] MineTweakerRecipeMaker.zs:51: Could not resolve <mysticalagriculture : base_crafting_seed>
[INITIALIZATION][CLIENT][ERROR] MineTweakerRecipeMaker.zs:52: Could not resolve <mysticalagriculture : tier1_crafting_seed>
[INITIALIZATION][CLIENT][ERROR] MineTweakerRecipeMaker.zs:52: Could not resolve <mysticalagriculture : inferium_essence>
[INITIALIZATION][CLIENT][ERROR] MineTweakerRecipeMaker.zs:52: Could not resolve <mysticalagriculture : inferium_essence>
[INITIALIZATION][CLIENT][ERROR] MineTweakerRecipeMaker.zs:53: Could not resolve <mysticalagriculture : tier1_crafting_seed>
[INITIALIZATION][CLIENT][ERROR] MineTweakerRecipeMaker.zs:53: Could not resolve <mysticalagriculture : inferium_essence>
[INITIALIZATION][CLIENT][ERROR] MineTweakerRecipeMaker.zs:53: Could not resolve <mysticalagriculture : inferium_essence>
[INITIALIZATION][CLIENT][ERROR] MineTweakerRecipeMaker.zs:54: Could not resolve <mysticalagriculture : tier1_crafting_seed>
[INITIALIZATION][CLIENT][ERROR] MineTweakerRecipeMaker.zs:54: Could not resolve <mysticalagriculture : inferium_essence>
[INITIALIZATION][CLIENT][ERROR] MineTweakerRecipeMaker.zs:54: Could not resolve <mysticalagriculture : inferium_essence>
[INITIALIZATION][CLIENT][ERROR] MineTweakerRecipeMaker.zs:55: Could not resolve <mysticalagriculture : tier1_crafting_seed>
[INITIALIZATION][CLIENT][ERROR] MineTweakerRecipeMaker.zs:55: Could not resolve <mysticalagriculture : inferium_essence>
[INITIALIZATION][CLIENT][ERROR] MineTweakerRecipeMaker.zs:55: Could not resolve <mysticalagriculture : inferium_essence>
[INITIALIZATION][CLIENT][ERROR] MineTweakerRecipeMaker.zs:56: Could not resolve <mysticalagriculture : tier1_crafting_seed>
[INITIALIZATION][CLIENT][ERROR] MineTweakerRecipeMaker.zs:56: Could not resolve <mysticalagriculture : inferium_essence>
[INITIALIZATION][CLIENT][ERROR] MineTweakerRecipeMaker.zs:56: Could not resolve <mysticalagriculture : inferium_essence>
[INITIALIZATION][CLIENT][ERROR] MineTweakerRecipeMaker.zs:57: Could not resolve <mysticalagriculture : tier1_crafting_seed>
[INITIALIZATION][CLIENT][ERROR] MineTweakerRecipeMaker.zs:57: Could not resolve <mysticalagriculture : inferium_essence>
[INITIALIZATION][CLIENT][ERROR] MineTweakerRecipeMaker.zs:57: Could not resolve <mysticalagriculture : inferium_essence>
[INITIALIZATION][CLIENT][ERROR] MineTweakerRecipeMaker.zs:58: Could not resolve <mysticalagriculture : tier1_crafting_seed>
[INITIALIZATION][CLIENT][ERROR] MineTweakerRecipeMaker.zs:58: Could not resolve <mysticalagriculture : inferium_essence>
[INITIALIZATION][CLIENT][ERROR] MineTweakerRecipeMaker.zs:58: Could not resolve <mysticalagriculture : inferium_essence>
[INITIALIZATION][CLIENT][ERROR] MineTweakerRecipeMaker.zs:68: Could not resolve <mysticalagriculture : tier1_crafting_seed>
[INITIALIZATION][CLIENT][ERROR] MineTweakerRecipeMaker.zs:68: Could not resolve <mysticalagriculture : base_crafting_seed>
[INITIALIZATION][CLIENT][INFO] [crafttweaker | SIDE_CLIENT]: Loading Script: {[0:crafttweaker]: recipe-fixes.zs}
[INITIALIZATION][CLIENT][ERROR] recipe-fixes.zs:2: Could not resolve <substratum : dustSmall : 26>
[INITIALIZATION][CLIENT][INFO] Completed script loading in: 303ms
[POSTINITIALIZATION][CLIENT][INFO] Removing Shaped recipes for <tconstruct:materials:10>
[POSTINITIALIZATION][CLIENT][INFO] 0 removed
[POSTINITIALIZATION][CLIENT][INFO] Removing Shaped recipes for <bigreactors:reactorglass>
[POSTINITIALIZATION][CLIENT][INFO] 1 removed
[POSTINITIALIZATION][CLIENT][INFO] Removing Shaped recipes for <bigreactors:reactorcontroller>
[POSTINITIALIZATION][CLIENT][INFO] 1 removed
[POSTINITIALIZATION][CLIENT][INFO] Removing Shaped recipes for <bigreactors:reactoraccessport>
[POSTINITIALIZATION][CLIENT][INFO] 1 removed
[POSTINITIALIZATION][CLIENT][INFO] Removing Shaped recipes for <bigreactors:reactorcoolantport>
[POSTINITIALIZATION][CLIENT][INFO] 1 removed
[POSTINITIALIZATION][CLIENT][INFO] Removing Shaped recipes for <bigreactors:reactorredstoneport>
[POSTINITIALIZATION][CLIENT][INFO] 1 removed
[POSTINITIALIZATION][CLIENT][INFO] Removing Shaped recipes for <bigreactors:reactorrednetport>
[POSTINITIALIZATION][CLIENT][INFO] 0 removed
[POSTINITIALIZATION][CLIENT][INFO] Removing Shaped recipes for <bigreactors:reactorcomputerport>
[POSTINITIALIZATION][CLIENT][INFO] 1 removed
[POSTINITIALIZATION][CLIENT][INFO] Removing Shaped recipes for <bigreactors:reactorcasing>
[POSTINITIALIZATION][CLIENT][INFO] 1 removed
[POSTINITIALIZATION][CLIENT][INFO] Removing Shaped recipes for <bigreactors:reactorfuelrod>
[POSTINITIALIZATION][CLIENT][INFO] 1 removed
[POSTINITIALIZATION][CLIENT][INFO] Removing Shaped recipes for <bigreactors:reactorcontrolrod>
[POSTINITIALIZATION][CLIENT][INFO] 1 removed
[POSTINITIALIZATION][CLIENT][INFO] Trying to remove recipes for invalid output
[POSTINITIALIZATION][CLIENT][ERROR] Error while applying actions
java.lang.NullPointerException
	at crafttweaker.mc1120.recipes.MCRecipeManager$ActionRemoveShapedRecipes.apply(MCRecipeManager.java:287)
	at crafttweaker.runtime.CrTTweaker.apply(CrTTweaker.java:50)
	at crafttweaker.CraftTweakerAPI.apply(CraftTweakerAPI.java:131)
	at java.util.ArrayList.forEach(Unknown Source)
	at crafttweaker.mc1120.CraftTweaker.onPostInit(CraftTweaker.java:126)
	at sun.reflect.NativeMethodAccessorImpl.invoke0(Native Method)
	at sun.reflect.NativeMethodAccessorImpl.invoke(Unknown Source)
	at sun.reflect.DelegatingMethodAccessorImpl.invoke(Unknown Source)
	at java.lang.reflect.Method.invoke(Unknown Source)
	at net.minecraftforge.fml.common.FMLModContainer.handleModStateEvent(FMLModContainer.java:606)
	at sun.reflect.GeneratedMethodAccessor4.invoke(Unknown Source)
	at sun.reflect.DelegatingMethodAccessorImpl.invoke(Unknown Source)
	at java.lang.reflect.Method.invoke(Unknown Source)
	at com.google.common.eventbus.Subscriber.invokeSubscriberMethod(Subscriber.java:91)
	at com.google.common.eventbus.Subscriber$SynchronizedSubscriber.invokeSubscriberMethod(Subscriber.java:150)
	at com.google.common.eventbus.Subscriber$1.run(Subscriber.java:76)
	at com.google.common.util.concurrent.MoreExecutors$DirectExecutor.execute(MoreExecutors.java:399)
	at com.google.common.eventbus.Subscriber.dispatchEvent(Subscriber.java:71)
	at com.google.common.eventbus.Dispatcher$PerThreadQueuedDispatcher.dispatch(Dispatcher.java:116)
	at com.google.common.eventbus.EventBus.post(EventBus.java:217)
	at net.minecraftforge.fml.common.LoadController.sendEventToModContainer(LoadController.java:278)
	at net.minecraftforge.fml.common.LoadController.propogateStateMessage(LoadController.java:256)
	at sun.reflect.NativeMethodAccessorImpl.invoke0(Native Method)
	at sun.reflect.NativeMethodAccessorImpl.invoke(Unknown Source)
	at sun.reflect.DelegatingMethodAccessorImpl.invoke(Unknown Source)
	at java.lang.reflect.Method.invoke(Unknown Source)
	at com.google.common.eventbus.Subscriber.invokeSubscriberMethod(Subscriber.java:91)
	at com.google.common.eventbus.Subscriber$SynchronizedSubscriber.invokeSubscriberMethod(Subscriber.java:150)
	at com.google.common.eventbus.Subscriber$1.run(Subscriber.java:76)
	at com.google.common.util.concurrent.MoreExecutors$DirectExecutor.execute(MoreExecutors.java:399)
	at com.google.common.eventbus.Subscriber.dispatchEvent(Subscriber.java:71)
	at com.google.common.eventbus.Dispatcher$PerThreadQueuedDispatcher.dispatch(Dispatcher.java:116)
	at com.google.common.eventbus.EventBus.post(EventBus.java:217)
	at net.minecraftforge.fml.common.LoadController.distributeStateMessage(LoadController.java:148)
	at net.minecraftforge.fml.common.Loader.initializeMods(Loader.java:725)
	at net.minecraftforge.fml.client.FMLClientHandler.finishMinecraftLoading(FMLClientHandler.java:352)
	at net.minecraft.client.Minecraft.func_71384_a(Minecraft.java:534)
	at net.minecraft.client.Minecraft.func_99999_d(Minecraft.java:377)
	at net.minecraft.client.main.Main.main(SourceFile:123)
	at sun.reflect.NativeMethodAccessorImpl.invoke0(Native Method)
	at sun.reflect.NativeMethodAccessorImpl.invoke(Unknown Source)
	at sun.reflect.DelegatingMethodAccessorImpl.invoke(Unknown Source)
	at java.lang.reflect.Method.invoke(Unknown Source)
	at net.minecraft.launchwrapper.Launch.launch(Launch.java:135)
	at net.minecraft.launchwrapper.Launch.main(Launch.java:28)
[AVAILABLE][CLIENT][INFO] Altering Forestry Squeezer Recipe(s) for <liquid:seed.oil> * 5
[AVAILABLE][CLIENT][INFO] Altering Forestry Squeezer Recipe(s) for <liquid:seed.oil> * 5
[AVAILABLE][CLIENT][INFO] Altering Forestry Squeezer Recipe(s) for <liquid:seed.oil> * 5
[AVAILABLE][CLIENT][INFO] Altering Forestry Squeezer Recipe(s) for <liquid:seed.oil> * 5
[AVAILABLE][CLIENT][INFO] Altering Forestry Squeezer Recipe(s) for <liquid:seed.oil> * 5
[AVAILABLE][CLIENT][INFO] Altering Forestry Squeezer Recipe(s) for <liquid:seed.oil> * 5
[AVAILABLE][CLIENT][INFO] Altering Forestry Squeezer Recipe(s) for <liquid:seed.oil> * 5
[AVAILABLE][CLIENT][INFO] Altering Forestry Squeezer Recipe(s) for <liquid:seed.oil> * 5
[AVAILABLE][CLIENT][INFO] Altering Forestry Squeezer Recipe(s) for <liquid:seed.oil> * 5
[AVAILABLE][CLIENT][INFO] Altering Forestry Squeezer Recipe(s) for <liquid:seed.oil> * 5
[AVAILABLE][CLIENT][INFO] Altering Forestry Squeezer Recipe(s) for <liquid:seed.oil> * 5
[AVAILABLE][CLIENT][INFO] Altering Forestry Squeezer Recipe(s) for <liquid:seed.oil> * 5
[AVAILABLE][CLIENT][INFO] Altering Forestry Squeezer Recipe(s) for <liquid:seed.oil> * 5
[AVAILABLE][CLIENT][INFO] Altering Forestry Squeezer Recipe(s) for <liquid:seed.oil> * 5
[AVAILABLE][CLIENT][INFO] Altering Forestry Squeezer Recipe(s) for <liquid:seed.oil> * 5
[AVAILABLE][CLIENT][INFO] Altering Forestry Squeezer Recipe(s) for <liquid:seed.oil> * 5
[AVAILABLE][CLIENT][INFO] Altering Forestry Squeezer Recipe(s) for <liquid:seed.oil> * 5
[AVAILABLE][CLIENT][INFO] Altering Forestry Squeezer Recipe(s) for <liquid:seed.oil> * 5
[AVAILABLE][CLIENT][INFO] Altering Forestry Squeezer Recipe(s) for <liquid:seed.oil> * 5
[AVAILABLE][CLIENT][INFO] Altering Forestry Squeezer Recipe(s) for <liquid:seed.oil> * 5
[AVAILABLE][CLIENT][INFO] Altering Forestry Squeezer Recipe(s) for <liquid:seed.oil> * 5
[AVAILABLE][CLIENT][INFO] Altering Forestry Squeezer Recipe(s) for <liquid:seed.oil> * 5
[AVAILABLE][CLIENT][INFO] Altering Forestry Squeezer Recipe(s) for <liquid:seed.oil> * 5
[AVAILABLE][CLIENT][INFO] Altering Forestry Squeezer Recipe(s) for <liquid:seed.oil> * 5
[AVAILABLE][CLIENT][INFO] Altering Forestry Squeezer Recipe(s) for <liquid:seed.oil> * 5
[AVAILABLE][CLIENT][INFO] Altering Forestry Squeezer Recipe(s) for <liquid:seed.oil> * 5
[AVAILABLE][CLIENT][INFO] Altering Forestry Squeezer Recipe(s) for <liquid:seed.oil> * 5
[AVAILABLE][CLIENT][INFO] Altering Forestry Squeezer Recipe(s) for <liquid:seed.oil> * 5
[AVAILABLE][CLIENT][INFO] Altering Forestry Squeezer Recipe(s) for <liquid:seed.oil> * 5
[AVAILABLE][CLIENT][INFO] Altering Forestry Squeezer Recipe(s) for <liquid:seed.oil> * 5
[AVAILABLE][CLIENT][INFO] Altering Forestry Squeezer Recipe(s) for <liquid:seed.oil> * 5
[AVAILABLE][CLIENT][INFO] Altering Forestry Squeezer Recipe(s) for <liquid:seed.oil> * 5
[AVAILABLE][CLIENT][INFO] Altering Forestry Squeezer Recipe(s) for <liquid:seed.oil> * 5
[AVAILABLE][CLIENT][INFO] Altering Forestry Squeezer Recipe(s) for <liquid:seed.oil> * 5
[AVAILABLE][CLIENT][INFO] Altering Forestry Squeezer Recipe(s) for <liquid:seed.oil> * 5
[AVAILABLE][CLIENT][INFO] Altering Forestry Squeezer Recipe(s) for <liquid:seed.oil> * 5
[AVAILABLE][CLIENT][INFO] Altering Forestry Squeezer Recipe(s) for <liquid:seed.oil> * 5
[AVAILABLE][CLIENT][INFO] Altering Forestry Squeezer Recipe(s) for <liquid:seed.oil> * 5
[AVAILABLE][CLIENT][INFO] Altering Forestry Squeezer Recipe(s) for <liquid:seed.oil> * 5
[AVAILABLE][CLIENT][INFO] Altering Forestry Squeezer Recipe(s) for <liquid:seed.oil> * 5
[AVAILABLE][CLIENT][INFO] Altering Forestry Squeezer Recipe(s) for <liquid:seed.oil> * 5
[AVAILABLE][CLIENT][INFO] Altering Forestry Squeezer Recipe(s) for <liquid:seed.oil> * 5
[AVAILABLE][CLIENT][INFO] Altering Forestry Squeezer Recipe(s) for <liquid:seed.oil> * 5
[AVAILABLE][CLIENT][INFO] Altering Forestry Squeezer Recipe(s) for <liquid:seed.oil> * 5
[AVAILABLE][CLIENT][INFO] Altering Forestry Squeezer Recipe(s) for <liquid:seed.oil> * 5
[AVAILABLE][CLIENT][INFO] Altering Forestry Squeezer Recipe(s) for <liquid:seed.oil> * 5
[AVAILABLE][CLIENT][INFO] Altering Forestry Squeezer Recipe(s) for <liquid:seed.oil> * 5
[AVAILABLE][CLIENT][INFO] Altering Forestry Squeezer Recipe(s) for <liquid:seed.oil> * 5
[AVAILABLE][CLIENT][INFO] Altering Forestry Squeezer Recipe(s) for <liquid:seed.oil> * 5
[AVAILABLE][CLIENT][INFO] Altering Forestry Squeezer Recipe(s) for <liquid:seed.oil> * 5
[AVAILABLE][CLIENT][INFO] Altering Forestry Squeezer Recipe(s) for <liquid:seed.oil> * 5
[AVAILABLE][CLIENT][INFO] Altering Forestry Squeezer Recipe(s) for <liquid:seed.oil> * 5
[AVAILABLE][CLIENT][INFO] Altering Forestry Squeezer Recipe(s) for <liquid:seed.oil> * 5
[AVAILABLE][CLIENT][INFO] Altering Forestry Squeezer Recipe(s) for <liquid:seed.oil> * 5
[AVAILABLE][CLIENT][INFO] Altering Forestry Squeezer Recipe(s) for <liquid:seed.oil> * 5
[AVAILABLE][CLIENT][INFO] Altering Forestry Squeezer Recipe(s) for <liquid:seed.oil> * 5
[AVAILABLE][CLIENT][INFO] Altering Forestry Squeezer Recipe(s) for <liquid:seed.oil> * 5
[AVAILABLE][CLIENT][INFO] Altering Forestry Squeezer Recipe(s) for <liquid:seed.oil> * 5
[AVAILABLE][CLIENT][INFO] Altering Forestry Squeezer Recipe(s) for <liquid:seed.oil> * 5
[AVAILABLE][CLIENT][INFO] Altering Forestry Squeezer Recipe(s) for <liquid:seed.oil> * 5
[AVAILABLE][CLIENT][INFO] Altering Forestry Squeezer Recipe(s) for <liquid:seed.oil> * 5
[AVAILABLE][CLIENT][INFO] Altering Forestry Squeezer Recipe(s) for <liquid:seed.oil> * 5
[AVAILABLE][CLIENT][INFO] Altering Forestry Squeezer Recipe(s) for <liquid:seed.oil> * 5
[AVAILABLE][CLIENT][INFO] Altering Forestry Squeezer Recipe(s) for <liquid:seed.oil> * 5
[AVAILABLE][CLIENT][INFO] Altering Forestry Squeezer Recipe(s) for <liquid:seed.oil> * 5
[AVAILABLE][CLIENT][INFO] Altering Forestry Squeezer Recipe(s) for <liquid:seed.oil> * 5
[AVAILABLE][CLIENT][INFO] Altering Forestry Squeezer Recipe(s) for <liquid:seed.oil> * 5
[AVAILABLE][CLIENT][INFO] Altering Forestry Squeezer Recipe(s) for <liquid:seed.oil> * 5
[AVAILABLE][CLIENT][INFO] Altering Forestry Squeezer Recipe(s) for <liquid:seed.oil> * 5
[AVAILABLE][CLIENT][INFO] Altering Forestry Squeezer Recipe(s) for <liquid:seed.oil> * 5
[AVAILABLE][CLIENT][INFO] Altering Forestry Squeezer Recipe(s) for <liquid:seed.oil> * 5
[AVAILABLE][CLIENT][INFO] Altering Forestry Squeezer Recipe(s) for <liquid:seed.oil> * 5
[AVAILABLE][CLIENT][INFO] Altering Forestry Squeezer Recipe(s) for <liquid:seed.oil> * 5
[AVAILABLE][CLIENT][INFO] Altering Forestry Squeezer Recipe(s) for <liquid:seed.oil> * 5
[AVAILABLE][CLIENT][INFO] Altering Forestry Squeezer Recipe(s) for <liquid:seed.oil> * 5
[AVAILABLE][CLIENT][INFO] Altering Forestry Squeezer Recipe(s) for <liquid:seed.oil> * 5
[AVAILABLE][CLIENT][INFO] Altering Forestry Squeezer Recipe(s) for <liquid:seed.oil> * 5
[AVAILABLE][CLIENT][INFO] Altering Forestry Squeezer Recipe(s) for <liquid:seed.oil> * 5
[AVAILABLE][CLIENT][INFO] Altering Forestry Squeezer Recipe(s) for <liquid:seed.oil> * 5
[AVAILABLE][CLIENT][INFO] Altering Forestry Squeezer Recipe(s) for <liquid:seed.oil> * 5
[AVAILABLE][CLIENT][INFO] Altering Forestry Squeezer Recipe(s) for <liquid:seed.oil> * 5
[AVAILABLE][CLIENT][INFO] Altering Forestry Squeezer Recipe(s) for <liquid:seed.oil> * 5
[SERVER_STARTED][CLIENT][INFO] Fixed the RecipeBook
